[debug] [2025-11-03T09:02:16.093Z] > command requires scopes: ["email","openid","https://www.googleapis.com/auth/cloudplatformprojects.readonly","https://www.googleapis.com/auth/firebase","https://www.googleapis.com/auth/cloud-platform"]
[debug] [2025-11-03T09:02:16.097Z] > authorizing via signed-in user (endlessblink@gmail.com)
[debug] [2025-11-03T09:02:16.169Z] Checked if tokens are valid: false, expires at: 1762160978784
[debug] [2025-11-03T09:02:16.170Z] Checked if tokens are valid: false, expires at: 1762160978784
[debug] [2025-11-03T09:02:16.170Z] > refreshing access token with scopes: []
[debug] [2025-11-03T09:02:16.172Z] >>> [apiv2][query] POST https://www.googleapis.com/oauth2/v3/token [none]
[debug] [2025-11-03T09:02:16.173Z] >>> [apiv2][body] POST https://www.googleapis.com/oauth2/v3/token [omitted]
[debug] [2025-11-03T09:02:16.201Z] Checked if tokens are valid: false, expires at: 1762160978784
[debug] [2025-11-03T09:02:16.201Z] Checked if tokens are valid: false, expires at: 1762160978784
[debug] [2025-11-03T09:02:16.202Z] > refreshing access token with scopes: []
[debug] [2025-11-03T09:02:16.202Z] >>> [apiv2][query] POST https://www.googleapis.com/oauth2/v3/token [none]
[debug] [2025-11-03T09:02:16.202Z] >>> [apiv2][body] POST https://www.googleapis.com/oauth2/v3/token [omitted]
[debug] [2025-11-03T09:02:16.210Z] Checked if tokens are valid: false, expires at: 1762160978784
[debug] [2025-11-03T09:02:16.211Z] Checked if tokens are valid: false, expires at: 1762160978784
[debug] [2025-11-03T09:02:16.211Z] > refreshing access token with scopes: []
[debug] [2025-11-03T09:02:16.211Z] >>> [apiv2][query] POST https://www.googleapis.com/oauth2/v3/token [none]
[debug] [2025-11-03T09:02:16.211Z] >>> [apiv2][body] POST https://www.googleapis.com/oauth2/v3/token [omitted]
[debug] [2025-11-03T09:02:16.214Z] Checked if tokens are valid: false, expires at: 1762160978784
[debug] [2025-11-03T09:02:16.215Z] Checked if tokens are valid: false, expires at: 1762160978784
[debug] [2025-11-03T09:02:16.215Z] > refreshing access token with scopes: []
[debug] [2025-11-03T09:02:16.215Z] >>> [apiv2][query] POST https://www.googleapis.com/oauth2/v3/token [none]
[debug] [2025-11-03T09:02:16.216Z] >>> [apiv2][body] POST https://www.googleapis.com/oauth2/v3/token [omitted]
[debug] [2025-11-03T09:02:16.259Z] > command requires scopes: ["email","openid","https://www.googleapis.com/auth/cloudplatformprojects.readonly","https://www.googleapis.com/auth/firebase","https://www.googleapis.com/auth/cloud-platform"]
[debug] [2025-11-03T09:02:16.260Z] > authorizing via signed-in user (endlessblink@gmail.com)
[debug] [2025-11-03T09:02:16.260Z] > command requires scopes: ["email","openid","https://www.googleapis.com/auth/cloudplatformprojects.readonly","https://www.googleapis.com/auth/firebase","https://www.googleapis.com/auth/cloud-platform"]
[debug] [2025-11-03T09:02:16.260Z] > authorizing via signed-in user (endlessblink@gmail.com)
[debug] [2025-11-03T09:02:16.271Z] Checked if tokens are valid: false, expires at: 1762160978784
[debug] [2025-11-03T09:02:16.271Z] Checked if tokens are valid: false, expires at: 1762160978784
[debug] [2025-11-03T09:02:16.272Z] > refreshing access token with scopes: []
[debug] [2025-11-03T09:02:16.272Z] >>> [apiv2][query] POST https://www.googleapis.com/oauth2/v3/token [none]
[debug] [2025-11-03T09:02:16.272Z] >>> [apiv2][body] POST https://www.googleapis.com/oauth2/v3/token [omitted]
[debug] [2025-11-03T09:02:16.274Z] Checked if tokens are valid: false, expires at: 1762160978784
[debug] [2025-11-03T09:02:16.275Z] Checked if tokens are valid: false, expires at: 1762160978784
[debug] [2025-11-03T09:02:16.275Z] > refreshing access token with scopes: []
[debug] [2025-11-03T09:02:16.275Z] >>> [apiv2][query] POST https://www.googleapis.com/oauth2/v3/token [none]
[debug] [2025-11-03T09:02:16.275Z] >>> [apiv2][body] POST https://www.googleapis.com/oauth2/v3/token [omitted]
[debug] [2025-11-03T09:02:16.278Z] Checked if tokens are valid: false, expires at: 1762160978784
[debug] [2025-11-03T09:02:16.279Z] Checked if tokens are valid: false, expires at: 1762160978784
[debug] [2025-11-03T09:02:16.279Z] > refreshing access token with scopes: []
[debug] [2025-11-03T09:02:16.279Z] >>> [apiv2][query] POST https://www.googleapis.com/oauth2/v3/token [none]
[debug] [2025-11-03T09:02:16.279Z] >>> [apiv2][body] POST https://www.googleapis.com/oauth2/v3/token [omitted]
[debug] [2025-11-03T09:02:16.281Z] Checked if tokens are valid: false, expires at: 1762160978784
[debug] [2025-11-03T09:02:16.281Z] Checked if tokens are valid: false, expires at: 1762160978784
[debug] [2025-11-03T09:02:16.281Z] > refreshing access token with scopes: []
[debug] [2025-11-03T09:02:16.282Z] >>> [apiv2][query] POST https://www.googleapis.com/oauth2/v3/token [none]
[debug] [2025-11-03T09:02:16.282Z] >>> [apiv2][body] POST https://www.googleapis.com/oauth2/v3/token [omitted]
[debug] [2025-11-03T09:02:16.291Z] Checked if tokens are valid: false, expires at: 1762160978784
[debug] [2025-11-03T09:02:16.291Z] Checked if tokens are valid: false, expires at: 1762160978784
[debug] [2025-11-03T09:02:16.291Z] > refreshing access token with scopes: []
[debug] [2025-11-03T09:02:16.292Z] >>> [apiv2][query] POST https://www.googleapis.com/oauth2/v3/token [none]
[debug] [2025-11-03T09:02:16.292Z] >>> [apiv2][body] POST https://www.googleapis.com/oauth2/v3/token [omitted]
[debug] [2025-11-03T09:02:16.294Z] Checked if tokens are valid: false, expires at: 1762160978784
[debug] [2025-11-03T09:02:16.294Z] Checked if tokens are valid: false, expires at: 1762160978784
[debug] [2025-11-03T09:02:16.294Z] > refreshing access token with scopes: []
[debug] [2025-11-03T09:02:16.295Z] >>> [apiv2][query] POST https://www.googleapis.com/oauth2/v3/token [none]
[debug] [2025-11-03T09:02:16.295Z] >>> [apiv2][body] POST https://www.googleapis.com/oauth2/v3/token [omitted]
[debug] [2025-11-03T09:02:16.298Z] Checked if tokens are valid: false, expires at: 1762160978784
[debug] [2025-11-03T09:02:16.298Z] Checked if tokens are valid: false, expires at: 1762160978784
[debug] [2025-11-03T09:02:16.298Z] > refreshing access token with scopes: []
[debug] [2025-11-03T09:02:16.298Z] >>> [apiv2][query] POST https://www.googleapis.com/oauth2/v3/token [none]
[debug] [2025-11-03T09:02:16.298Z] >>> [apiv2][body] POST https://www.googleapis.com/oauth2/v3/token [omitted]
[debug] [2025-11-03T09:02:16.300Z] Checked if tokens are valid: false, expires at: 1762160978784
[debug] [2025-11-03T09:02:16.300Z] Checked if tokens are valid: false, expires at: 1762160978784
[debug] [2025-11-03T09:02:16.300Z] > refreshing access token with scopes: []
[debug] [2025-11-03T09:02:16.300Z] >>> [apiv2][query] POST https://www.googleapis.com/oauth2/v3/token [none]
[debug] [2025-11-03T09:02:16.300Z] >>> [apiv2][body] POST https://www.googleapis.com/oauth2/v3/token [omitted]
[debug] [2025-11-03T09:02:16.733Z] <<< [apiv2][status] POST https://www.googleapis.com/oauth2/v3/token 200
[debug] [2025-11-03T09:02:16.733Z] <<< [apiv2][body] POST https://www.googleapis.com/oauth2/v3/token [omitted]
[debug] [2025-11-03T09:02:16.741Z] >>> [apiv2][query] GET https://serviceusage.googleapis.com/v1/projects/pomo-flow/services/cloudfunctions.googleapis.com [none]
[debug] [2025-11-03T09:02:16.741Z] >>> [apiv2][(partial)header] GET https://serviceusage.googleapis.com/v1/projects/pomo-flow/services/cloudfunctions.googleapis.com x-goog-quota-user=projects/pomo-flow
[debug] [2025-11-03T09:02:16.749Z] <<< [apiv2][status] POST https://www.googleapis.com/oauth2/v3/token 200
[debug] [2025-11-03T09:02:16.749Z] <<< [apiv2][body] POST https://www.googleapis.com/oauth2/v3/token [omitted]
[debug] [2025-11-03T09:02:16.755Z] >>> [apiv2][query] GET https://serviceusage.googleapis.com/v1/projects/pomo-flow/services/cloudfunctions.googleapis.com [none]
[debug] [2025-11-03T09:02:16.755Z] >>> [apiv2][(partial)header] GET https://serviceusage.googleapis.com/v1/projects/pomo-flow/services/cloudfunctions.googleapis.com x-goog-quota-user=projects/pomo-flow
[debug] [2025-11-03T09:02:16.758Z] <<< [apiv2][status] POST https://www.googleapis.com/oauth2/v3/token 200
[debug] [2025-11-03T09:02:16.758Z] <<< [apiv2][body] POST https://www.googleapis.com/oauth2/v3/token [omitted]
[debug] [2025-11-03T09:02:16.763Z] >>> [apiv2][query] GET https://serviceusage.googleapis.com/v1/projects/pomo-flow/services/firebasedataconnect.googleapis.com [none]
[debug] [2025-11-03T09:02:16.764Z] >>> [apiv2][(partial)header] GET https://serviceusage.googleapis.com/v1/projects/pomo-flow/services/firebasedataconnect.googleapis.com x-goog-quota-user=projects/pomo-flow
[debug] [2025-11-03T09:02:16.779Z] <<< [apiv2][status] POST https://www.googleapis.com/oauth2/v3/token 200
[debug] [2025-11-03T09:02:16.779Z] <<< [apiv2][body] POST https://www.googleapis.com/oauth2/v3/token [omitted]
[debug] [2025-11-03T09:02:16.784Z] >>> [apiv2][query] GET https://serviceusage.googleapis.com/v1/projects/pomo-flow/services/firebaseio.com [none]
[debug] [2025-11-03T09:02:16.785Z] >>> [apiv2][(partial)header] GET https://serviceusage.googleapis.com/v1/projects/pomo-flow/services/firebaseio.com x-goog-quota-user=projects/pomo-flow
[debug] [2025-11-03T09:02:16.796Z] <<< [apiv2][status] POST https://www.googleapis.com/oauth2/v3/token 200
[debug] [2025-11-03T09:02:16.796Z] <<< [apiv2][body] POST https://www.googleapis.com/oauth2/v3/token [omitted]
[debug] [2025-11-03T09:02:16.802Z] >>> [apiv2][query] GET https://serviceusage.googleapis.com/v1/projects/pomo-flow/services/firebasedataconnect.googleapis.com [none]
[debug] [2025-11-03T09:02:16.802Z] >>> [apiv2][(partial)header] GET https://serviceusage.googleapis.com/v1/projects/pomo-flow/services/firebasedataconnect.googleapis.com x-goog-quota-user=projects/pomo-flow
[debug] [2025-11-03T09:02:16.809Z] <<< [apiv2][status] POST https://www.googleapis.com/oauth2/v3/token 200
[debug] [2025-11-03T09:02:16.809Z] <<< [apiv2][body] POST https://www.googleapis.com/oauth2/v3/token [omitted]
[debug] [2025-11-03T09:02:16.816Z] >>> [apiv2][query] GET https://serviceusage.googleapis.com/v1/projects/pomo-flow/services/firebaseio.com [none]
[debug] [2025-11-03T09:02:16.816Z] >>> [apiv2][(partial)header] GET https://serviceusage.googleapis.com/v1/projects/pomo-flow/services/firebaseio.com x-goog-quota-user=projects/pomo-flow
[debug] [2025-11-03T09:02:16.911Z] <<< [apiv2][status] POST https://www.googleapis.com/oauth2/v3/token 200
[debug] [2025-11-03T09:02:16.911Z] <<< [apiv2][body] POST https://www.googleapis.com/oauth2/v3/token [omitted]
[debug] [2025-11-03T09:02:16.918Z] >>> [apiv2][query] GET https://serviceusage.googleapis.com/v1/projects/pomo-flow/services/firebaseapphosting.googleapis.com [none]
[debug] [2025-11-03T09:02:16.919Z] >>> [apiv2][(partial)header] GET https://serviceusage.googleapis.com/v1/projects/pomo-flow/services/firebaseapphosting.googleapis.com x-goog-quota-user=projects/pomo-flow
[debug] [2025-11-03T09:02:16.921Z] <<< [apiv2][status] POST https://www.googleapis.com/oauth2/v3/token 200
[debug] [2025-11-03T09:02:16.921Z] <<< [apiv2][body] POST https://www.googleapis.com/oauth2/v3/token [omitted]
[debug] [2025-11-03T09:02:16.926Z] >>> [apiv2][query] GET https://serviceusage.googleapis.com/v1/projects/pomo-flow/services/firebaseapphosting.googleapis.com [none]
[debug] [2025-11-03T09:02:16.927Z] >>> [apiv2][(partial)header] GET https://serviceusage.googleapis.com/v1/projects/pomo-flow/services/firebaseapphosting.googleapis.com x-goog-quota-user=projects/pomo-flow
[debug] [2025-11-03T09:02:16.932Z] <<< [apiv2][status] POST https://www.googleapis.com/oauth2/v3/token 200
[debug] [2025-11-03T09:02:16.932Z] <<< [apiv2][body] POST https://www.googleapis.com/oauth2/v3/token [omitted]
[debug] [2025-11-03T09:02:16.940Z] >>> [apiv2][query] GET https://serviceusage.googleapis.com/v1/projects/pomo-flow/services/firebaseapphosting.googleapis.com [none]
[debug] [2025-11-03T09:02:16.940Z] >>> [apiv2][(partial)header] GET https://serviceusage.googleapis.com/v1/projects/pomo-flow/services/firebaseapphosting.googleapis.com x-goog-quota-user=projects/pomo-flow
[debug] [2025-11-03T09:02:16.963Z] <<< [apiv2][status] POST https://www.googleapis.com/oauth2/v3/token 200
[debug] [2025-11-03T09:02:16.964Z] <<< [apiv2][body] POST https://www.googleapis.com/oauth2/v3/token [omitted]
[debug] [2025-11-03T09:02:16.971Z] >>> [apiv2][query] GET https://serviceusage.googleapis.com/v1/projects/pomo-flow/services/firebasedataconnect.googleapis.com [none]
[debug] [2025-11-03T09:02:16.971Z] >>> [apiv2][(partial)header] GET https://serviceusage.googleapis.com/v1/projects/pomo-flow/services/firebasedataconnect.googleapis.com x-goog-quota-user=projects/pomo-flow
[debug] [2025-11-03T09:02:17.056Z] <<< [apiv2][status] POST https://www.googleapis.com/oauth2/v3/token 200
[debug] [2025-11-03T09:02:17.056Z] <<< [apiv2][body] POST https://www.googleapis.com/oauth2/v3/token [omitted]
[debug] [2025-11-03T09:02:17.063Z] >>> [apiv2][query] GET https://serviceusage.googleapis.com/v1/projects/pomo-flow/services/cloudfunctions.googleapis.com [none]
[debug] [2025-11-03T09:02:17.064Z] >>> [apiv2][(partial)header] GET https://serviceusage.googleapis.com/v1/projects/pomo-flow/services/cloudfunctions.googleapis.com x-goog-quota-user=projects/pomo-flow
[debug] [2025-11-03T09:02:17.100Z] <<< [apiv2][status] POST https://www.googleapis.com/oauth2/v3/token 200
[debug] [2025-11-03T09:02:17.100Z] <<< [apiv2][body] POST https://www.googleapis.com/oauth2/v3/token [omitted]
[debug] [2025-11-03T09:02:17.106Z] >>> [apiv2][query] GET https://serviceusage.googleapis.com/v1/projects/pomo-flow/services/firebaseio.com [none]
[debug] [2025-11-03T09:02:17.107Z] >>> [apiv2][(partial)header] GET https://serviceusage.googleapis.com/v1/projects/pomo-flow/services/firebaseio.com x-goog-quota-user=projects/pomo-flow
[debug] [2025-11-03T09:02:17.794Z] <<< [apiv2][status] GET https://serviceusage.googleapis.com/v1/projects/pomo-flow/services/firebaseio.com 403
[debug] [2025-11-03T09:02:17.794Z] <<< [apiv2][body] GET https://serviceusage.googleapis.com/v1/projects/pomo-flow/services/firebaseio.com [omitted]
[debug] [2025-11-03T09:02:17.832Z] <<< [apiv2][status] GET https://serviceusage.googleapis.com/v1/projects/pomo-flow/services/cloudfunctions.googleapis.com 200
[debug] [2025-11-03T09:02:17.833Z] <<< [apiv2][body] GET https://serviceusage.googleapis.com/v1/projects/pomo-flow/services/cloudfunctions.googleapis.com [omitted]
[debug] [2025-11-03T09:02:17.845Z] <<< [apiv2][status] GET https://serviceusage.googleapis.com/v1/projects/pomo-flow/services/cloudfunctions.googleapis.com 200
[debug] [2025-11-03T09:02:17.846Z] <<< [apiv2][body] GET https://serviceusage.googleapis.com/v1/projects/pomo-flow/services/cloudfunctions.googleapis.com [omitted]
[debug] [2025-11-03T09:02:17.898Z] <<< [apiv2][status] GET https://serviceusage.googleapis.com/v1/projects/pomo-flow/services/firebaseio.com 403
[debug] [2025-11-03T09:02:17.898Z] <<< [apiv2][body] GET https://serviceusage.googleapis.com/v1/projects/pomo-flow/services/firebaseio.com [omitted]
[debug] [2025-11-03T09:02:17.956Z] <<< [apiv2][status] GET https://serviceusage.googleapis.com/v1/projects/pomo-flow/services/firebasedataconnect.googleapis.com 200
[debug] [2025-11-03T09:02:17.956Z] <<< [apiv2][body] GET https://serviceusage.googleapis.com/v1/projects/pomo-flow/services/firebasedataconnect.googleapis.com [omitted]
[debug] [2025-11-03T09:02:17.978Z] <<< [apiv2][status] GET https://serviceusage.googleapis.com/v1/projects/pomo-flow/services/firebaseapphosting.googleapis.com 200
[debug] [2025-11-03T09:02:17.978Z] <<< [apiv2][body] GET https://serviceusage.googleapis.com/v1/projects/pomo-flow/services/firebaseapphosting.googleapis.com [omitted]
[debug] [2025-11-03T09:02:17.992Z] <<< [apiv2][status] GET https://serviceusage.googleapis.com/v1/projects/pomo-flow/services/firebaseapphosting.googleapis.com 200
[debug] [2025-11-03T09:02:17.993Z] <<< [apiv2][body] GET https://serviceusage.googleapis.com/v1/projects/pomo-flow/services/firebaseapphosting.googleapis.com [omitted]
[debug] [2025-11-03T09:02:18.017Z] <<< [apiv2][status] GET https://serviceusage.googleapis.com/v1/projects/pomo-flow/services/firebaseapphosting.googleapis.com 200
[debug] [2025-11-03T09:02:18.017Z] <<< [apiv2][body] GET https://serviceusage.googleapis.com/v1/projects/pomo-flow/services/firebaseapphosting.googleapis.com [omitted]
[debug] [2025-11-03T09:02:18.031Z] <<< [apiv2][status] GET https://serviceusage.googleapis.com/v1/projects/pomo-flow/services/firebasedataconnect.googleapis.com 200
[debug] [2025-11-03T09:02:18.032Z] <<< [apiv2][body] GET https://serviceusage.googleapis.com/v1/projects/pomo-flow/services/firebasedataconnect.googleapis.com [omitted]
[debug] [2025-11-03T09:02:18.059Z] > command requires scopes: ["email","openid","https://www.googleapis.com/auth/cloudplatformprojects.readonly","https://www.googleapis.com/auth/firebase","https://www.googleapis.com/auth/cloud-platform"]
[debug] [2025-11-03T09:02:18.059Z] > authorizing via signed-in user (endlessblink@gmail.com)
[debug] [2025-11-03T09:02:18.072Z] > command requires scopes: ["email","openid","https://www.googleapis.com/auth/cloudplatformprojects.readonly","https://www.googleapis.com/auth/firebase","https://www.googleapis.com/auth/cloud-platform"]
[debug] [2025-11-03T09:02:18.073Z] > authorizing via signed-in user (endlessblink@gmail.com)
[debug] [2025-11-03T09:02:18.077Z] <<< [apiv2][status] GET https://serviceusage.googleapis.com/v1/projects/pomo-flow/services/firebasedataconnect.googleapis.com 200
[debug] [2025-11-03T09:02:18.077Z] <<< [apiv2][body] GET https://serviceusage.googleapis.com/v1/projects/pomo-flow/services/firebasedataconnect.googleapis.com [omitted]
[debug] [2025-11-03T09:02:18.094Z] <<< [apiv2][status] GET https://serviceusage.googleapis.com/v1/projects/pomo-flow/services/firebaseio.com 403
[debug] [2025-11-03T09:02:18.095Z] <<< [apiv2][body] GET https://serviceusage.googleapis.com/v1/projects/pomo-flow/services/firebaseio.com [omitted]
[debug] [2025-11-03T09:02:18.212Z] <<< [apiv2][status] GET https://serviceusage.googleapis.com/v1/projects/pomo-flow/services/cloudfunctions.googleapis.com 200
[debug] [2025-11-03T09:02:18.212Z] <<< [apiv2][body] GET https://serviceusage.googleapis.com/v1/projects/pomo-flow/services/cloudfunctions.googleapis.com [omitted]
[debug] [2025-11-03T09:02:18.241Z] > command requires scopes: ["email","openid","https://www.googleapis.com/auth/cloudplatformprojects.readonly","https://www.googleapis.com/auth/firebase","https://www.googleapis.com/auth/cloud-platform"]
[debug] [2025-11-03T09:02:18.241Z] > authorizing via signed-in user (endlessblink@gmail.com)
[debug] [2025-11-03T09:02:18.255Z] > command requires scopes: ["email","openid","https://www.googleapis.com/auth/cloudplatformprojects.readonly","https://www.googleapis.com/auth/firebase","https://www.googleapis.com/auth/cloud-platform"]
[debug] [2025-11-03T09:02:18.255Z] > authorizing via signed-in user (endlessblink@gmail.com)
[debug] [2025-11-03T09:43:20.948Z] > command requires scopes: ["email","openid","https://www.googleapis.com/auth/cloudplatformprojects.readonly","https://www.googleapis.com/auth/firebase","https://www.googleapis.com/auth/cloud-platform"]
[debug] [2025-11-03T09:43:20.951Z] > authorizing via signed-in user (endlessblink@gmail.com)
[debug] [2025-11-03T09:43:20.951Z] > command requires scopes: ["email","openid","https://www.googleapis.com/auth/cloudplatformprojects.readonly","https://www.googleapis.com/auth/firebase","https://www.googleapis.com/auth/cloud-platform"]
[debug] [2025-11-03T09:43:20.951Z] > authorizing via signed-in user (endlessblink@gmail.com)
[debug] [2025-11-03T09:43:21.022Z] Checked if tokens are valid: true, expires at: 1762164136100
[debug] [2025-11-03T09:43:21.023Z] Checked if tokens are valid: true, expires at: 1762164136100
[debug] [2025-11-03T09:43:21.023Z] Checked if tokens are valid: true, expires at: 1762164136100
[debug] [2025-11-03T09:43:21.023Z] Checked if tokens are valid: true, expires at: 1762164136100
[debug] [2025-11-03T09:43:21.027Z] Checked if tokens are valid: true, expires at: 1762164136100
[debug] [2025-11-03T09:43:21.027Z] Checked if tokens are valid: true, expires at: 1762164136100
[debug] [2025-11-03T09:43:21.028Z] Checked if tokens are valid: true, expires at: 1762164136100
[debug] [2025-11-03T09:43:21.028Z] Checked if tokens are valid: true, expires at: 1762164136100
[debug] [2025-11-03T09:43:21.037Z] Checked if tokens are valid: true, expires at: 1762164136100
[debug] [2025-11-03T09:43:21.037Z] Checked if tokens are valid: true, expires at: 1762164136100
[debug] [2025-11-03T09:43:21.037Z] Checked if tokens are valid: true, expires at: 1762164136100
[debug] [2025-11-03T09:43:21.037Z] Checked if tokens are valid: true, expires at: 1762164136100
[debug] [2025-11-03T09:43:21.038Z] Checked if tokens are valid: true, expires at: 1762164136100
[debug] [2025-11-03T09:43:21.038Z] Checked if tokens are valid: true, expires at: 1762164136100
[debug] [2025-11-03T09:43:21.038Z] Checked if tokens are valid: true, expires at: 1762164136100
[debug] [2025-11-03T09:43:21.038Z] Checked if tokens are valid: true, expires at: 1762164136100
[debug] [2025-11-03T09:43:21.038Z] > command requires scopes: ["email","openid","https://www.googleapis.com/auth/cloudplatformprojects.readonly","https://www.googleapis.com/auth/firebase","https://www.googleapis.com/auth/cloud-platform"]
[debug] [2025-11-03T09:43:21.038Z] > authorizing via signed-in user (endlessblink@gmail.com)
[debug] [2025-11-03T09:43:21.039Z] >>> [apiv2][query] GET https://serviceusage.googleapis.com/v1/projects/pomo-flow/services/firebasedataconnect.googleapis.com [none]
[debug] [2025-11-03T09:43:21.039Z] >>> [apiv2][(partial)header] GET https://serviceusage.googleapis.com/v1/projects/pomo-flow/services/firebasedataconnect.googleapis.com x-goog-quota-user=projects/pomo-flow
[debug] [2025-11-03T09:43:21.064Z] >>> [apiv2][query] GET https://serviceusage.googleapis.com/v1/projects/pomo-flow/services/cloudfunctions.googleapis.com [none]
[debug] [2025-11-03T09:43:21.064Z] >>> [apiv2][(partial)header] GET https://serviceusage.googleapis.com/v1/projects/pomo-flow/services/cloudfunctions.googleapis.com x-goog-quota-user=projects/pomo-flow
[debug] [2025-11-03T09:43:21.065Z] >>> [apiv2][query] GET https://serviceusage.googleapis.com/v1/projects/pomo-flow/services/firebaseapphosting.googleapis.com [none]
[debug] [2025-11-03T09:43:21.066Z] >>> [apiv2][(partial)header] GET https://serviceusage.googleapis.com/v1/projects/pomo-flow/services/firebaseapphosting.googleapis.com x-goog-quota-user=projects/pomo-flow
[debug] [2025-11-03T09:43:21.066Z] >>> [apiv2][query] GET https://serviceusage.googleapis.com/v1/projects/pomo-flow/services/firebaseio.com [none]
[debug] [2025-11-03T09:43:21.066Z] >>> [apiv2][(partial)header] GET https://serviceusage.googleapis.com/v1/projects/pomo-flow/services/firebaseio.com x-goog-quota-user=projects/pomo-flow
[debug] [2025-11-03T09:43:21.067Z] >>> [apiv2][query] GET https://serviceusage.googleapis.com/v1/projects/pomo-flow/services/firebasedataconnect.googleapis.com [none]
[debug] [2025-11-03T09:43:21.067Z] >>> [apiv2][(partial)header] GET https://serviceusage.googleapis.com/v1/projects/pomo-flow/services/firebasedataconnect.googleapis.com x-goog-quota-user=projects/pomo-flow
[debug] [2025-11-03T09:43:21.068Z] >>> [apiv2][query] GET https://serviceusage.googleapis.com/v1/projects/pomo-flow/services/cloudfunctions.googleapis.com [none]
[debug] [2025-11-03T09:43:21.068Z] >>> [apiv2][(partial)header] GET https://serviceusage.googleapis.com/v1/projects/pomo-flow/services/cloudfunctions.googleapis.com x-goog-quota-user=projects/pomo-flow
[debug] [2025-11-03T09:43:21.069Z] >>> [apiv2][query] GET https://serviceusage.googleapis.com/v1/projects/pomo-flow/services/firebaseapphosting.googleapis.com [none]
[debug] [2025-11-03T09:43:21.069Z] >>> [apiv2][(partial)header] GET https://serviceusage.googleapis.com/v1/projects/pomo-flow/services/firebaseapphosting.googleapis.com x-goog-quota-user=projects/pomo-flow
[debug] [2025-11-03T09:43:21.070Z] >>> [apiv2][query] GET https://serviceusage.googleapis.com/v1/projects/pomo-flow/services/firebaseio.com [none]
[debug] [2025-11-03T09:43:21.070Z] >>> [apiv2][(partial)header] GET https://serviceusage.googleapis.com/v1/projects/pomo-flow/services/firebaseio.com x-goog-quota-user=projects/pomo-flow
[debug] [2025-11-03T09:43:21.078Z] Checked if tokens are valid: true, expires at: 1762164136100
[debug] [2025-11-03T09:43:21.078Z] Checked if tokens are valid: true, expires at: 1762164136100
[debug] [2025-11-03T09:43:21.079Z] Checked if tokens are valid: true, expires at: 1762164136100
[debug] [2025-11-03T09:43:21.079Z] Checked if tokens are valid: true, expires at: 1762164136100
[debug] [2025-11-03T09:43:21.080Z] Checked if tokens are valid: true, expires at: 1762164136100
[debug] [2025-11-03T09:43:21.080Z] Checked if tokens are valid: true, expires at: 1762164136100
[debug] [2025-11-03T09:43:21.080Z] Checked if tokens are valid: true, expires at: 1762164136100
[debug] [2025-11-03T09:43:21.080Z] Checked if tokens are valid: true, expires at: 1762164136100
[debug] [2025-11-03T09:43:21.080Z] >>> [apiv2][query] GET https://serviceusage.googleapis.com/v1/projects/pomo-flow/services/firebasedataconnect.googleapis.com [none]
[debug] [2025-11-03T09:43:21.080Z] >>> [apiv2][(partial)header] GET https://serviceusage.googleapis.com/v1/projects/pomo-flow/services/firebasedataconnect.googleapis.com x-goog-quota-user=projects/pomo-flow
[debug] [2025-11-03T09:43:21.082Z] >>> [apiv2][query] GET https://serviceusage.googleapis.com/v1/projects/pomo-flow/services/cloudfunctions.googleapis.com [none]
[debug] [2025-11-03T09:43:21.082Z] >>> [apiv2][(partial)header] GET https://serviceusage.googleapis.com/v1/projects/pomo-flow/services/cloudfunctions.googleapis.com x-goog-quota-user=projects/pomo-flow
[debug] [2025-11-03T09:43:21.083Z] >>> [apiv2][query] GET https://serviceusage.googleapis.com/v1/projects/pomo-flow/services/firebaseapphosting.googleapis.com [none]
[debug] [2025-11-03T09:43:21.083Z] >>> [apiv2][(partial)header] GET https://serviceusage.googleapis.com/v1/projects/pomo-flow/services/firebaseapphosting.googleapis.com x-goog-quota-user=projects/pomo-flow
[debug] [2025-11-03T09:43:21.084Z] >>> [apiv2][query] GET https://serviceusage.googleapis.com/v1/projects/pomo-flow/services/firebaseio.com [none]
[debug] [2025-11-03T09:43:21.084Z] >>> [apiv2][(partial)header] GET https://serviceusage.googleapis.com/v1/projects/pomo-flow/services/firebaseio.com x-goog-quota-user=projects/pomo-flow
[debug] [2025-11-03T09:43:22.200Z] <<< [apiv2][status] GET https://serviceusage.googleapis.com/v1/projects/pomo-flow/services/firebasedataconnect.googleapis.com 200
[debug] [2025-11-03T09:43:22.200Z] <<< [apiv2][body] GET https://serviceusage.googleapis.com/v1/projects/pomo-flow/services/firebasedataconnect.googleapis.com [omitted]
[debug] [2025-11-03T09:43:22.201Z] <<< [apiv2][status] GET https://serviceusage.googleapis.com/v1/projects/pomo-flow/services/firebaseapphosting.googleapis.com 200
[debug] [2025-11-03T09:43:22.201Z] <<< [apiv2][body] GET https://serviceusage.googleapis.com/v1/projects/pomo-flow/services/firebaseapphosting.googleapis.com [omitted]
[debug] [2025-11-03T09:43:22.205Z] <<< [apiv2][status] GET https://serviceusage.googleapis.com/v1/projects/pomo-flow/services/cloudfunctions.googleapis.com 200
[debug] [2025-11-03T09:43:22.206Z] <<< [apiv2][body] GET https://serviceusage.googleapis.com/v1/projects/pomo-flow/services/cloudfunctions.googleapis.com [omitted]
[debug] [2025-11-03T09:43:22.211Z] <<< [apiv2][status] GET https://serviceusage.googleapis.com/v1/projects/pomo-flow/services/firebaseio.com 403
[debug] [2025-11-03T09:43:22.211Z] <<< [apiv2][body] GET https://serviceusage.googleapis.com/v1/projects/pomo-flow/services/firebaseio.com [omitted]
[debug] [2025-11-03T09:43:22.350Z] > command requires scopes: ["email","openid","https://www.googleapis.com/auth/cloudplatformprojects.readonly","https://www.googleapis.com/auth/firebase","https://www.googleapis.com/auth/cloud-platform"]
[debug] [2025-11-03T09:43:22.350Z] > authorizing via signed-in user (endlessblink@gmail.com)
[debug] [2025-11-03T09:43:22.374Z] > command requires scopes: ["email","openid","https://www.googleapis.com/auth/cloudplatformprojects.readonly","https://www.googleapis.com/auth/firebase","https://www.googleapis.com/auth/cloud-platform"]
[debug] [2025-11-03T09:43:22.374Z] > authorizing via signed-in user (endlessblink@gmail.com)
[debug] [2025-11-03T09:43:22.393Z] <<< [apiv2][status] GET https://serviceusage.googleapis.com/v1/projects/pomo-flow/services/cloudfunctions.googleapis.com 200
[debug] [2025-11-03T09:43:22.393Z] <<< [apiv2][body] GET https://serviceusage.googleapis.com/v1/projects/pomo-flow/services/cloudfunctions.googleapis.com [omitted]
[debug] [2025-11-03T09:43:22.394Z] <<< [apiv2][status] GET https://serviceusage.googleapis.com/v1/projects/pomo-flow/services/firebaseapphosting.googleapis.com 200
[debug] [2025-11-03T09:43:22.394Z] <<< [apiv2][body] GET https://serviceusage.googleapis.com/v1/projects/pomo-flow/services/firebaseapphosting.googleapis.com [omitted]
[debug] [2025-11-03T09:43:22.395Z] <<< [apiv2][status] GET https://serviceusage.googleapis.com/v1/projects/pomo-flow/services/firebaseio.com 403
[debug] [2025-11-03T09:43:22.396Z] <<< [apiv2][body] GET https://serviceusage.googleapis.com/v1/projects/pomo-flow/services/firebaseio.com [omitted]
[debug] [2025-11-03T09:43:22.397Z] <<< [apiv2][status] GET https://serviceusage.googleapis.com/v1/projects/pomo-flow/services/firebasedataconnect.googleapis.com 200
[debug] [2025-11-03T09:43:22.397Z] <<< [apiv2][body] GET https://serviceusage.googleapis.com/v1/projects/pomo-flow/services/firebasedataconnect.googleapis.com [omitted]
[debug] [2025-11-03T09:43:22.398Z] <<< [apiv2][status] GET https://serviceusage.googleapis.com/v1/projects/pomo-flow/services/firebasedataconnect.googleapis.com 200
[debug] [2025-11-03T09:43:22.398Z] <<< [apiv2][body] GET https://serviceusage.googleapis.com/v1/projects/pomo-flow/services/firebasedataconnect.googleapis.com [omitted]
[debug] [2025-11-03T09:43:22.580Z] > command requires scopes: ["email","openid","https://www.googleapis.com/auth/cloudplatformprojects.readonly","https://www.googleapis.com/auth/firebase","https://www.googleapis.com/auth/cloud-platform"]
[debug] [2025-11-03T09:43:22.580Z] > authorizing via signed-in user (endlessblink@gmail.com)
[debug] [2025-11-03T09:43:22.601Z] > command requires scopes: ["email","openid","https://www.googleapis.com/auth/cloudplatformprojects.readonly","https://www.googleapis.com/auth/firebase","https://www.googleapis.com/auth/cloud-platform"]
[debug] [2025-11-03T09:43:22.602Z] > authorizing via signed-in user (endlessblink@gmail.com)
[debug] [2025-11-03T09:43:22.607Z] <<< [apiv2][status] GET https://serviceusage.googleapis.com/v1/projects/pomo-flow/services/firebaseio.com 403
[debug] [2025-11-03T09:43:22.608Z] <<< [apiv2][body] GET https://serviceusage.googleapis.com/v1/projects/pomo-flow/services/firebaseio.com [omitted]
[debug] [2025-11-03T09:43:22.610Z] <<< [apiv2][status] GET https://serviceusage.googleapis.com/v1/projects/pomo-flow/services/firebaseapphosting.googleapis.com 200
[debug] [2025-11-03T09:43:22.611Z] <<< [apiv2][body] GET https://serviceusage.googleapis.com/v1/projects/pomo-flow/services/firebaseapphosting.googleapis.com [omitted]
[debug] [2025-11-03T09:43:22.612Z] <<< [apiv2][status] GET https://serviceusage.googleapis.com/v1/projects/pomo-flow/services/cloudfunctions.googleapis.com 200
[debug] [2025-11-03T09:43:22.612Z] <<< [apiv2][body] GET https://serviceusage.googleapis.com/v1/projects/pomo-flow/services/cloudfunctions.googleapis.com [omitted]
[debug] [2025-11-03T09:46:22.765Z] > command requires scopes: ["email","openid","https://www.googleapis.com/auth/cloudplatformprojects.readonly","https://www.googleapis.com/auth/firebase","https://www.googleapis.com/auth/cloud-platform"]
[debug] [2025-11-03T09:46:22.768Z] > authorizing via signed-in user (endlessblink@gmail.com)
[debug] [2025-11-03T09:46:22.768Z] > command requires scopes: ["email","openid","https://www.googleapis.com/auth/cloudplatformprojects.readonly","https://www.googleapis.com/auth/firebase","https://www.googleapis.com/auth/cloud-platform"]
[debug] [2025-11-03T09:46:22.768Z] > authorizing via signed-in user (endlessblink@gmail.com)
[debug] [2025-11-03T09:46:22.866Z] Checked if tokens are valid: true, expires at: 1762164136100
[debug] [2025-11-03T09:46:22.866Z] Checked if tokens are valid: true, expires at: 1762164136100
[debug] [2025-11-03T09:46:22.867Z] Checked if tokens are valid: true, expires at: 1762164136100
[debug] [2025-11-03T09:46:22.867Z] Checked if tokens are valid: true, expires at: 1762164136100
[debug] [2025-11-03T09:46:22.872Z] Checked if tokens are valid: true, expires at: 1762164136100
[debug] [2025-11-03T09:46:22.873Z] Checked if tokens are valid: true, expires at: 1762164136100
[debug] [2025-11-03T09:46:22.873Z] Checked if tokens are valid: true, expires at: 1762164136100
[debug] [2025-11-03T09:46:22.874Z] Checked if tokens are valid: true, expires at: 1762164136100
[debug] [2025-11-03T09:46:22.885Z] Checked if tokens are valid: true, expires at: 1762164136100
[debug] [2025-11-03T09:46:22.885Z] Checked if tokens are valid: true, expires at: 1762164136100
[debug] [2025-11-03T09:46:22.885Z] Checked if tokens are valid: true, expires at: 1762164136100
[debug] [2025-11-03T09:46:22.885Z] Checked if tokens are valid: true, expires at: 1762164136100
[debug] [2025-11-03T09:46:22.886Z] Checked if tokens are valid: true, expires at: 1762164136100
[debug] [2025-11-03T09:46:22.887Z] Checked if tokens are valid: true, expires at: 1762164136100
[debug] [2025-11-03T09:46:22.887Z] Checked if tokens are valid: true, expires at: 1762164136100
[debug] [2025-11-03T09:46:22.887Z] Checked if tokens are valid: true, expires at: 1762164136100
[debug] [2025-11-03T09:46:22.887Z] > command requires scopes: ["email","openid","https://www.googleapis.com/auth/cloudplatformprojects.readonly","https://www.googleapis.com/auth/firebase","https://www.googleapis.com/auth/cloud-platform"]
[debug] [2025-11-03T09:46:22.887Z] > authorizing via signed-in user (endlessblink@gmail.com)
[debug] [2025-11-03T09:46:22.888Z] >>> [apiv2][query] GET https://serviceusage.googleapis.com/v1/projects/pomo-flow/services/firebasedataconnect.googleapis.com [none]
[debug] [2025-11-03T09:46:22.888Z] >>> [apiv2][(partial)header] GET https://serviceusage.googleapis.com/v1/projects/pomo-flow/services/firebasedataconnect.googleapis.com x-goog-quota-user=projects/pomo-flow
[debug] [2025-11-03T09:46:22.918Z] >>> [apiv2][query] GET https://serviceusage.googleapis.com/v1/projects/pomo-flow/services/cloudfunctions.googleapis.com [none]
[debug] [2025-11-03T09:46:22.918Z] >>> [apiv2][(partial)header] GET https://serviceusage.googleapis.com/v1/projects/pomo-flow/services/cloudfunctions.googleapis.com x-goog-quota-user=projects/pomo-flow
[debug] [2025-11-03T09:46:22.921Z] >>> [apiv2][query] GET https://serviceusage.googleapis.com/v1/projects/pomo-flow/services/firebaseapphosting.googleapis.com [none]
[debug] [2025-11-03T09:46:22.921Z] >>> [apiv2][(partial)header] GET https://serviceusage.googleapis.com/v1/projects/pomo-flow/services/firebaseapphosting.googleapis.com x-goog-quota-user=projects/pomo-flow
[debug] [2025-11-03T09:46:22.923Z] >>> [apiv2][query] GET https://serviceusage.googleapis.com/v1/projects/pomo-flow/services/firebaseio.com [none]
[debug] [2025-11-03T09:46:22.924Z] >>> [apiv2][(partial)header] GET https://serviceusage.googleapis.com/v1/projects/pomo-flow/services/firebaseio.com x-goog-quota-user=projects/pomo-flow
[debug] [2025-11-03T09:46:22.925Z] >>> [apiv2][query] GET https://serviceusage.googleapis.com/v1/projects/pomo-flow/services/firebasedataconnect.googleapis.com [none]
[debug] [2025-11-03T09:46:22.926Z] >>> [apiv2][(partial)header] GET https://serviceusage.googleapis.com/v1/projects/pomo-flow/services/firebasedataconnect.googleapis.com x-goog-quota-user=projects/pomo-flow
[debug] [2025-11-03T09:46:22.928Z] >>> [apiv2][query] GET https://serviceusage.googleapis.com/v1/projects/pomo-flow/services/cloudfunctions.googleapis.com [none]
[debug] [2025-11-03T09:46:22.928Z] >>> [apiv2][(partial)header] GET https://serviceusage.googleapis.com/v1/projects/pomo-flow/services/cloudfunctions.googleapis.com x-goog-quota-user=projects/pomo-flow
[debug] [2025-11-03T09:46:22.930Z] >>> [apiv2][query] GET https://serviceusage.googleapis.com/v1/projects/pomo-flow/services/firebaseapphosting.googleapis.com [none]
[debug] [2025-11-03T09:46:22.930Z] >>> [apiv2][(partial)header] GET https://serviceusage.googleapis.com/v1/projects/pomo-flow/services/firebaseapphosting.googleapis.com x-goog-quota-user=projects/pomo-flow
[debug] [2025-11-03T09:46:22.932Z] >>> [apiv2][query] GET https://serviceusage.googleapis.com/v1/projects/pomo-flow/services/firebaseio.com [none]
[debug] [2025-11-03T09:46:22.932Z] >>> [apiv2][(partial)header] GET https://serviceusage.googleapis.com/v1/projects/pomo-flow/services/firebaseio.com x-goog-quota-user=projects/pomo-flow
[debug] [2025-11-03T09:46:22.943Z] Checked if tokens are valid: true, expires at: 1762164136100
[debug] [2025-11-03T09:46:22.944Z] Checked if tokens are valid: true, expires at: 1762164136100
[debug] [2025-11-03T09:46:22.944Z] Checked if tokens are valid: true, expires at: 1762164136100
[debug] [2025-11-03T09:46:22.944Z] Checked if tokens are valid: true, expires at: 1762164136100
[debug] [2025-11-03T09:46:22.945Z] Checked if tokens are valid: true, expires at: 1762164136100
[debug] [2025-11-03T09:46:22.945Z] Checked if tokens are valid: true, expires at: 1762164136100
[debug] [2025-11-03T09:46:22.945Z] Checked if tokens are valid: true, expires at: 1762164136100
[debug] [2025-11-03T09:46:22.945Z] Checked if tokens are valid: true, expires at: 1762164136100
[debug] [2025-11-03T09:46:22.946Z] >>> [apiv2][query] GET https://serviceusage.googleapis.com/v1/projects/pomo-flow/services/firebasedataconnect.googleapis.com [none]
[debug] [2025-11-03T09:46:22.946Z] >>> [apiv2][(partial)header] GET https://serviceusage.googleapis.com/v1/projects/pomo-flow/services/firebasedataconnect.googleapis.com x-goog-quota-user=projects/pomo-flow
[debug] [2025-11-03T09:46:22.947Z] >>> [apiv2][query] GET https://serviceusage.googleapis.com/v1/projects/pomo-flow/services/cloudfunctions.googleapis.com [none]
[debug] [2025-11-03T09:46:22.948Z] >>> [apiv2][(partial)header] GET https://serviceusage.googleapis.com/v1/projects/pomo-flow/services/cloudfunctions.googleapis.com x-goog-quota-user=projects/pomo-flow
[debug] [2025-11-03T09:46:22.949Z] >>> [apiv2][query] GET https://serviceusage.googleapis.com/v1/projects/pomo-flow/services/firebaseapphosting.googleapis.com [none]
[debug] [2025-11-03T09:46:22.949Z] >>> [apiv2][(partial)header] GET https://serviceusage.googleapis.com/v1/projects/pomo-flow/services/firebaseapphosting.googleapis.com x-goog-quota-user=projects/pomo-flow
[debug] [2025-11-03T09:46:22.950Z] >>> [apiv2][query] GET https://serviceusage.googleapis.com/v1/projects/pomo-flow/services/firebaseio.com [none]
[debug] [2025-11-03T09:46:22.950Z] >>> [apiv2][(partial)header] GET https://serviceusage.googleapis.com/v1/projects/pomo-flow/services/firebaseio.com x-goog-quota-user=projects/pomo-flow
[debug] [2025-11-03T09:46:23.956Z] <<< [apiv2][status] GET https://serviceusage.googleapis.com/v1/projects/pomo-flow/services/firebaseio.com 403
[debug] [2025-11-03T09:46:23.956Z] <<< [apiv2][body] GET https://serviceusage.googleapis.com/v1/projects/pomo-flow/services/firebaseio.com [omitted]
[debug] [2025-11-03T09:46:24.092Z] <<< [apiv2][status] GET https://serviceusage.googleapis.com/v1/projects/pomo-flow/services/firebaseio.com 403
[debug] [2025-11-03T09:46:24.093Z] <<< [apiv2][body] GET https://serviceusage.googleapis.com/v1/projects/pomo-flow/services/firebaseio.com [omitted]
[debug] [2025-11-03T09:46:24.176Z] <<< [apiv2][status] GET https://serviceusage.googleapis.com/v1/projects/pomo-flow/services/firebasedataconnect.googleapis.com 200
[debug] [2025-11-03T09:46:24.176Z] <<< [apiv2][body] GET https://serviceusage.googleapis.com/v1/projects/pomo-flow/services/firebasedataconnect.googleapis.com [omitted]
[debug] [2025-11-03T09:46:24.262Z] <<< [apiv2][status] GET https://serviceusage.googleapis.com/v1/projects/pomo-flow/services/firebasedataconnect.googleapis.com 200
[debug] [2025-11-03T09:46:24.262Z] <<< [apiv2][body] GET https://serviceusage.googleapis.com/v1/projects/pomo-flow/services/firebasedataconnect.googleapis.com [omitted]
[debug] [2025-11-03T09:46:24.263Z] <<< [apiv2][status] GET https://serviceusage.googleapis.com/v1/projects/pomo-flow/services/firebaseapphosting.googleapis.com 200
[debug] [2025-11-03T09:46:24.263Z] <<< [apiv2][body] GET https://serviceusage.googleapis.com/v1/projects/pomo-flow/services/firebaseapphosting.googleapis.com [omitted]
[debug] [2025-11-03T09:46:24.266Z] <<< [apiv2][status] GET https://serviceusage.googleapis.com/v1/projects/pomo-flow/services/cloudfunctions.googleapis.com 200
[debug] [2025-11-03T09:46:24.266Z] <<< [apiv2][body] GET https://serviceusage.googleapis.com/v1/projects/pomo-flow/services/cloudfunctions.googleapis.com [omitted]
[debug] [2025-11-03T09:46:24.322Z] > command requires scopes: ["email","openid","https://www.googleapis.com/auth/cloudplatformprojects.readonly","https://www.googleapis.com/auth/firebase","https://www.googleapis.com/auth/cloud-platform"]
[debug] [2025-11-03T09:46:24.322Z] > authorizing via signed-in user (endlessblink@gmail.com)
[debug] [2025-11-03T09:46:24.339Z] > command requires scopes: ["email","openid","https://www.googleapis.com/auth/cloudplatformprojects.readonly","https://www.googleapis.com/auth/firebase","https://www.googleapis.com/auth/cloud-platform"]
[debug] [2025-11-03T09:46:24.339Z] > authorizing via signed-in user (endlessblink@gmail.com)
[debug] [2025-11-03T09:46:24.340Z] <<< [apiv2][status] GET https://serviceusage.googleapis.com/v1/projects/pomo-flow/services/cloudfunctions.googleapis.com 200
[debug] [2025-11-03T09:46:24.340Z] <<< [apiv2][body] GET https://serviceusage.googleapis.com/v1/projects/pomo-flow/services/cloudfunctions.googleapis.com [omitted]
[debug] [2025-11-03T09:46:24.341Z] <<< [apiv2][status] GET https://serviceusage.googleapis.com/v1/projects/pomo-flow/services/firebaseio.com 403
[debug] [2025-11-03T09:46:24.341Z] <<< [apiv2][body] GET https://serviceusage.googleapis.com/v1/projects/pomo-flow/services/firebaseio.com [omitted]
[debug] [2025-11-03T09:46:24.343Z] <<< [apiv2][status] GET https://serviceusage.googleapis.com/v1/projects/pomo-flow/services/firebaseapphosting.googleapis.com 200
[debug] [2025-11-03T09:46:24.344Z] <<< [apiv2][body] GET https://serviceusage.googleapis.com/v1/projects/pomo-flow/services/firebaseapphosting.googleapis.com [omitted]
[debug] [2025-11-03T09:46:24.344Z] <<< [apiv2][status] GET https://serviceusage.googleapis.com/v1/projects/pomo-flow/services/firebasedataconnect.googleapis.com 200
[debug] [2025-11-03T09:46:24.345Z] <<< [apiv2][body] GET https://serviceusage.googleapis.com/v1/projects/pomo-flow/services/firebasedataconnect.googleapis.com [omitted]
[debug] [2025-11-03T09:46:24.386Z] > command requires scopes: ["email","openid","https://www.googleapis.com/auth/cloudplatformprojects.readonly","https://www.googleapis.com/auth/firebase","https://www.googleapis.com/auth/cloud-platform"]
[debug] [2025-11-03T09:46:24.386Z] > authorizing via signed-in user (endlessblink@gmail.com)
[debug] [2025-11-03T09:46:24.404Z] > command requires scopes: ["email","openid","https://www.googleapis.com/auth/cloudplatformprojects.readonly","https://www.googleapis.com/auth/firebase","https://www.googleapis.com/auth/cloud-platform"]
[debug] [2025-11-03T09:46:24.404Z] > authorizing via signed-in user (endlessblink@gmail.com)
[debug] [2025-11-03T09:46:24.452Z] <<< [apiv2][status] GET https://serviceusage.googleapis.com/v1/projects/pomo-flow/services/firebaseapphosting.googleapis.com 200
[debug] [2025-11-03T09:46:24.452Z] <<< [apiv2][body] GET https://serviceusage.googleapis.com/v1/projects/pomo-flow/services/firebaseapphosting.googleapis.com [omitted]
[debug] [2025-11-03T09:46:24.461Z] <<< [apiv2][status] GET https://serviceusage.googleapis.com/v1/projects/pomo-flow/services/cloudfunctions.googleapis.com 200
[debug] [2025-11-03T09:46:24.461Z] <<< [apiv2][body] GET https://serviceusage.googleapis.com/v1/projects/pomo-flow/services/cloudfunctions.googleapis.com [omitted]
[debug] [2025-11-03T09:48:35.949Z] > command requires scopes: ["email","openid","https://www.googleapis.com/auth/cloudplatformprojects.readonly","https://www.googleapis.com/auth/firebase","https://www.googleapis.com/auth/cloud-platform"]
[debug] [2025-11-03T09:48:35.953Z] > authorizing via signed-in user (endlessblink@gmail.com)
[debug] [2025-11-03T09:48:36.037Z] Checked if tokens are valid: false, expires at: 1762164136100
[debug] [2025-11-03T09:48:36.038Z] Checked if tokens are valid: false, expires at: 1762164136100
[debug] [2025-11-03T09:48:36.038Z] > refreshing access token with scopes: []
[debug] [2025-11-03T09:48:36.040Z] >>> [apiv2][query] POST https://www.googleapis.com/oauth2/v3/token [none]
[debug] [2025-11-03T09:48:36.041Z] >>> [apiv2][body] POST https://www.googleapis.com/oauth2/v3/token [omitted]
[debug] [2025-11-03T09:48:36.071Z] Checked if tokens are valid: false, expires at: 1762164136100
[debug] [2025-11-03T09:48:36.071Z] Checked if tokens are valid: false, expires at: 1762164136100
[debug] [2025-11-03T09:48:36.071Z] > refreshing access token with scopes: []
[debug] [2025-11-03T09:48:36.072Z] >>> [apiv2][query] POST https://www.googleapis.com/oauth2/v3/token [none]
[debug] [2025-11-03T09:48:36.072Z] >>> [apiv2][body] POST https://www.googleapis.com/oauth2/v3/token [omitted]
[debug] [2025-11-03T09:48:36.080Z] Checked if tokens are valid: false, expires at: 1762164136100
[debug] [2025-11-03T09:48:36.081Z] Checked if tokens are valid: false, expires at: 1762164136100
[debug] [2025-11-03T09:48:36.081Z] > refreshing access token with scopes: []
[debug] [2025-11-03T09:48:36.081Z] >>> [apiv2][query] POST https://www.googleapis.com/oauth2/v3/token [none]
[debug] [2025-11-03T09:48:36.081Z] >>> [apiv2][body] POST https://www.googleapis.com/oauth2/v3/token [omitted]
[debug] [2025-11-03T09:48:36.083Z] Checked if tokens are valid: false, expires at: 1762164136100
[debug] [2025-11-03T09:48:36.083Z] Checked if tokens are valid: false, expires at: 1762164136100
[debug] [2025-11-03T09:48:36.083Z] > refreshing access token with scopes: []
[debug] [2025-11-03T09:48:36.083Z] >>> [apiv2][query] POST https://www.googleapis.com/oauth2/v3/token [none]
[debug] [2025-11-03T09:48:36.083Z] >>> [apiv2][body] POST https://www.googleapis.com/oauth2/v3/token [omitted]
[debug] [2025-11-03T09:48:36.138Z] > command requires scopes: ["email","openid","https://www.googleapis.com/auth/cloudplatformprojects.readonly","https://www.googleapis.com/auth/firebase","https://www.googleapis.com/auth/cloud-platform"]
[debug] [2025-11-03T09:48:36.138Z] > authorizing via signed-in user (endlessblink@gmail.com)
[debug] [2025-11-03T09:48:36.138Z] > command requires scopes: ["email","openid","https://www.googleapis.com/auth/cloudplatformprojects.readonly","https://www.googleapis.com/auth/firebase","https://www.googleapis.com/auth/cloud-platform"]
[debug] [2025-11-03T09:48:36.138Z] > authorizing via signed-in user (endlessblink@gmail.com)
[debug] [2025-11-03T09:48:36.153Z] Checked if tokens are valid: false, expires at: 1762164136100
[debug] [2025-11-03T09:48:36.154Z] Checked if tokens are valid: false, expires at: 1762164136100
[debug] [2025-11-03T09:48:36.154Z] > refreshing access token with scopes: []
[debug] [2025-11-03T09:48:36.155Z] >>> [apiv2][query] POST https://www.googleapis.com/oauth2/v3/token [none]
[debug] [2025-11-03T09:48:36.155Z] >>> [apiv2][body] POST https://www.googleapis.com/oauth2/v3/token [omitted]
[debug] [2025-11-03T09:48:36.156Z] Checked if tokens are valid: false, expires at: 1762164136100
[debug] [2025-11-03T09:48:36.156Z] Checked if tokens are valid: false, expires at: 1762164136100
[debug] [2025-11-03T09:48:36.156Z] > refreshing access token with scopes: []
[debug] [2025-11-03T09:48:36.157Z] >>> [apiv2][query] POST https://www.googleapis.com/oauth2/v3/token [none]
[debug] [2025-11-03T09:48:36.157Z] >>> [apiv2][body] POST https://www.googleapis.com/oauth2/v3/token [omitted]
[debug] [2025-11-03T09:48:36.160Z] Checked if tokens are valid: false, expires at: 1762164136100
[debug] [2025-11-03T09:48:36.160Z] Checked if tokens are valid: false, expires at: 1762164136100
[debug] [2025-11-03T09:48:36.160Z] > refreshing access token with scopes: []
[debug] [2025-11-03T09:48:36.160Z] >>> [apiv2][query] POST https://www.googleapis.com/oauth2/v3/token [none]
[debug] [2025-11-03T09:48:36.160Z] >>> [apiv2][body] POST https://www.googleapis.com/oauth2/v3/token [omitted]
[debug] [2025-11-03T09:48:36.162Z] Checked if tokens are valid: false, expires at: 1762164136100
[debug] [2025-11-03T09:48:36.162Z] Checked if tokens are valid: false, expires at: 1762164136100
[debug] [2025-11-03T09:48:36.162Z] > refreshing access token with scopes: []
[debug] [2025-11-03T09:48:36.163Z] >>> [apiv2][query] POST https://www.googleapis.com/oauth2/v3/token [none]
[debug] [2025-11-03T09:48:36.163Z] >>> [apiv2][body] POST https://www.googleapis.com/oauth2/v3/token [omitted]
[debug] [2025-11-03T09:48:36.174Z] Checked if tokens are valid: false, expires at: 1762164136100
[debug] [2025-11-03T09:48:36.175Z] Checked if tokens are valid: false, expires at: 1762164136100
[debug] [2025-11-03T09:48:36.175Z] > refreshing access token with scopes: []
[debug] [2025-11-03T09:48:36.175Z] >>> [apiv2][query] POST https://www.googleapis.com/oauth2/v3/token [none]
[debug] [2025-11-03T09:48:36.175Z] >>> [apiv2][body] POST https://www.googleapis.com/oauth2/v3/token [omitted]
[debug] [2025-11-03T09:48:36.178Z] Checked if tokens are valid: false, expires at: 1762164136100
[debug] [2025-11-03T09:48:36.179Z] Checked if tokens are valid: false, expires at: 1762164136100
[debug] [2025-11-03T09:48:36.179Z] > refreshing access token with scopes: []
[debug] [2025-11-03T09:48:36.179Z] >>> [apiv2][query] POST https://www.googleapis.com/oauth2/v3/token [none]
[debug] [2025-11-03T09:48:36.179Z] >>> [apiv2][body] POST https://www.googleapis.com/oauth2/v3/token [omitted]
[debug] [2025-11-03T09:48:36.183Z] Checked if tokens are valid: false, expires at: 1762164136100
[debug] [2025-11-03T09:48:36.183Z] Checked if tokens are valid: false, expires at: 1762164136100
[debug] [2025-11-03T09:48:36.183Z] > refreshing access token with scopes: []
[debug] [2025-11-03T09:48:36.184Z] >>> [apiv2][query] POST https://www.googleapis.com/oauth2/v3/token [none]
[debug] [2025-11-03T09:48:36.184Z] >>> [apiv2][body] POST https://www.googleapis.com/oauth2/v3/token [omitted]
[debug] [2025-11-03T09:48:36.186Z] Checked if tokens are valid: false, expires at: 1762164136100
[debug] [2025-11-03T09:48:36.186Z] Checked if tokens are valid: false, expires at: 1762164136100
[debug] [2025-11-03T09:48:36.186Z] > refreshing access token with scopes: []
[debug] [2025-11-03T09:48:36.186Z] >>> [apiv2][query] POST https://www.googleapis.com/oauth2/v3/token [none]
[debug] [2025-11-03T09:48:36.186Z] >>> [apiv2][body] POST https://www.googleapis.com/oauth2/v3/token [omitted]
[debug] [2025-11-03T09:48:36.428Z] <<< [apiv2][status] POST https://www.googleapis.com/oauth2/v3/token 200
[debug] [2025-11-03T09:48:36.429Z] <<< [apiv2][body] POST https://www.googleapis.com/oauth2/v3/token [omitted]
[debug] [2025-11-03T09:48:36.443Z] >>> [apiv2][query] GET https://serviceusage.googleapis.com/v1/projects/pomo-flow/services/firebaseio.com [none]
[debug] [2025-11-03T09:48:36.444Z] >>> [apiv2][(partial)header] GET https://serviceusage.googleapis.com/v1/projects/pomo-flow/services/firebaseio.com x-goog-quota-user=projects/pomo-flow
[debug] [2025-11-03T09:48:36.644Z] <<< [apiv2][status] POST https://www.googleapis.com/oauth2/v3/token 200
[debug] [2025-11-03T09:48:36.645Z] <<< [apiv2][body] POST https://www.googleapis.com/oauth2/v3/token [omitted]
[debug] [2025-11-03T09:48:36.652Z] >>> [apiv2][query] GET https://serviceusage.googleapis.com/v1/projects/pomo-flow/services/cloudfunctions.googleapis.com [none]
[debug] [2025-11-03T09:48:36.653Z] >>> [apiv2][(partial)header] GET https://serviceusage.googleapis.com/v1/projects/pomo-flow/services/cloudfunctions.googleapis.com x-goog-quota-user=projects/pomo-flow
[debug] [2025-11-03T09:48:36.655Z] <<< [apiv2][status] POST https://www.googleapis.com/oauth2/v3/token 200
[debug] [2025-11-03T09:48:36.655Z] <<< [apiv2][body] POST https://www.googleapis.com/oauth2/v3/token [omitted]
[debug] [2025-11-03T09:48:36.668Z] >>> [apiv2][query] GET https://serviceusage.googleapis.com/v1/projects/pomo-flow/services/firebasedataconnect.googleapis.com [none]
[debug] [2025-11-03T09:48:36.669Z] >>> [apiv2][(partial)header] GET https://serviceusage.googleapis.com/v1/projects/pomo-flow/services/firebasedataconnect.googleapis.com x-goog-quota-user=projects/pomo-flow
[debug] [2025-11-03T09:48:36.672Z] <<< [apiv2][status] POST https://www.googleapis.com/oauth2/v3/token 200
[debug] [2025-11-03T09:48:36.672Z] <<< [apiv2][body] POST https://www.googleapis.com/oauth2/v3/token [omitted]
[debug] [2025-11-03T09:48:36.685Z] >>> [apiv2][query] GET https://serviceusage.googleapis.com/v1/projects/pomo-flow/services/cloudfunctions.googleapis.com [none]
[debug] [2025-11-03T09:48:36.685Z] >>> [apiv2][(partial)header] GET https://serviceusage.googleapis.com/v1/projects/pomo-flow/services/cloudfunctions.googleapis.com x-goog-quota-user=projects/pomo-flow
[debug] [2025-11-03T09:48:36.695Z] <<< [apiv2][status] POST https://www.googleapis.com/oauth2/v3/token 200
[debug] [2025-11-03T09:48:36.695Z] <<< [apiv2][body] POST https://www.googleapis.com/oauth2/v3/token [omitted]
[debug] [2025-11-03T09:48:36.711Z] >>> [apiv2][query] GET https://serviceusage.googleapis.com/v1/projects/pomo-flow/services/firebasedataconnect.googleapis.com [none]
[debug] [2025-11-03T09:48:36.711Z] >>> [apiv2][(partial)header] GET https://serviceusage.googleapis.com/v1/projects/pomo-flow/services/firebasedataconnect.googleapis.com x-goog-quota-user=projects/pomo-flow
[debug] [2025-11-03T09:48:36.777Z] <<< [apiv2][status] POST https://www.googleapis.com/oauth2/v3/token 200
[debug] [2025-11-03T09:48:36.778Z] <<< [apiv2][body] POST https://www.googleapis.com/oauth2/v3/token [omitted]
[debug] [2025-11-03T09:48:36.787Z] >>> [apiv2][query] GET https://serviceusage.googleapis.com/v1/projects/pomo-flow/services/firebaseapphosting.googleapis.com [none]
[debug] [2025-11-03T09:48:36.787Z] >>> [apiv2][(partial)header] GET https://serviceusage.googleapis.com/v1/projects/pomo-flow/services/firebaseapphosting.googleapis.com x-goog-quota-user=projects/pomo-flow
[debug] [2025-11-03T09:48:36.811Z] <<< [apiv2][status] POST https://www.googleapis.com/oauth2/v3/token 200
[debug] [2025-11-03T09:48:36.811Z] <<< [apiv2][body] POST https://www.googleapis.com/oauth2/v3/token [omitted]
[debug] [2025-11-03T09:48:36.818Z] >>> [apiv2][query] GET https://serviceusage.googleapis.com/v1/projects/pomo-flow/services/firebaseapphosting.googleapis.com [none]
[debug] [2025-11-03T09:48:36.818Z] >>> [apiv2][(partial)header] GET https://serviceusage.googleapis.com/v1/projects/pomo-flow/services/firebaseapphosting.googleapis.com x-goog-quota-user=projects/pomo-flow
[debug] [2025-11-03T09:48:36.922Z] <<< [apiv2][status] POST https://www.googleapis.com/oauth2/v3/token 200
[debug] [2025-11-03T09:48:36.922Z] <<< [apiv2][body] POST https://www.googleapis.com/oauth2/v3/token [omitted]
[debug] [2025-11-03T09:48:36.931Z] >>> [apiv2][query] GET https://serviceusage.googleapis.com/v1/projects/pomo-flow/services/firebaseio.com [none]
[debug] [2025-11-03T09:48:36.931Z] >>> [apiv2][(partial)header] GET https://serviceusage.googleapis.com/v1/projects/pomo-flow/services/firebaseio.com x-goog-quota-user=projects/pomo-flow
[debug] [2025-11-03T09:48:36.963Z] <<< [apiv2][status] POST https://www.googleapis.com/oauth2/v3/token 200
[debug] [2025-11-03T09:48:36.963Z] <<< [apiv2][body] POST https://www.googleapis.com/oauth2/v3/token [omitted]
[debug] [2025-11-03T09:48:36.980Z] >>> [apiv2][query] GET https://serviceusage.googleapis.com/v1/projects/pomo-flow/services/firebasedataconnect.googleapis.com [none]
[debug] [2025-11-03T09:48:36.980Z] >>> [apiv2][(partial)header] GET https://serviceusage.googleapis.com/v1/projects/pomo-flow/services/firebasedataconnect.googleapis.com x-goog-quota-user=projects/pomo-flow
[debug] [2025-11-03T09:48:37.043Z] <<< [apiv2][status] POST https://www.googleapis.com/oauth2/v3/token 200
[debug] [2025-11-03T09:48:37.044Z] <<< [apiv2][body] POST https://www.googleapis.com/oauth2/v3/token [omitted]
[debug] [2025-11-03T09:48:37.051Z] >>> [apiv2][query] GET https://serviceusage.googleapis.com/v1/projects/pomo-flow/services/firebaseapphosting.googleapis.com [none]
[debug] [2025-11-03T09:48:37.051Z] >>> [apiv2][(partial)header] GET https://serviceusage.googleapis.com/v1/projects/pomo-flow/services/firebaseapphosting.googleapis.com x-goog-quota-user=projects/pomo-flow
[debug] [2025-11-03T09:48:37.097Z] <<< [apiv2][status] POST https://www.googleapis.com/oauth2/v3/token 200
[debug] [2025-11-03T09:48:37.098Z] <<< [apiv2][body] POST https://www.googleapis.com/oauth2/v3/token [omitted]
[debug] [2025-11-03T09:48:37.105Z] >>> [apiv2][query] GET https://serviceusage.googleapis.com/v1/projects/pomo-flow/services/cloudfunctions.googleapis.com [none]
[debug] [2025-11-03T09:48:37.105Z] >>> [apiv2][(partial)header] GET https://serviceusage.googleapis.com/v1/projects/pomo-flow/services/cloudfunctions.googleapis.com x-goog-quota-user=projects/pomo-flow
[debug] [2025-11-03T09:48:37.109Z] <<< [apiv2][status] POST https://www.googleapis.com/oauth2/v3/token 200
[debug] [2025-11-03T09:48:37.109Z] <<< [apiv2][body] POST https://www.googleapis.com/oauth2/v3/token [omitted]
[debug] [2025-11-03T09:48:37.128Z] >>> [apiv2][query] GET https://serviceusage.googleapis.com/v1/projects/pomo-flow/services/firebaseio.com [none]
[debug] [2025-11-03T09:48:37.129Z] >>> [apiv2][(partial)header] GET https://serviceusage.googleapis.com/v1/projects/pomo-flow/services/firebaseio.com x-goog-quota-user=projects/pomo-flow
[debug] [2025-11-03T09:48:37.796Z] <<< [apiv2][status] GET https://serviceusage.googleapis.com/v1/projects/pomo-flow/services/firebaseio.com 403
[debug] [2025-11-03T09:48:37.797Z] <<< [apiv2][body] GET https://serviceusage.googleapis.com/v1/projects/pomo-flow/services/firebaseio.com [omitted]
[debug] [2025-11-03T09:48:37.987Z] <<< [apiv2][status] GET https://serviceusage.googleapis.com/v1/projects/pomo-flow/services/cloudfunctions.googleapis.com 200
[debug] [2025-11-03T09:48:37.987Z] <<< [apiv2][body] GET https://serviceusage.googleapis.com/v1/projects/pomo-flow/services/cloudfunctions.googleapis.com [omitted]
[debug] [2025-11-03T09:48:38.138Z] <<< [apiv2][status] GET https://serviceusage.googleapis.com/v1/projects/pomo-flow/services/firebaseio.com 403
[debug] [2025-11-03T09:48:38.138Z] <<< [apiv2][body] GET https://serviceusage.googleapis.com/v1/projects/pomo-flow/services/firebaseio.com [omitted]
[debug] [2025-11-03T09:48:38.148Z] <<< [apiv2][status] GET https://serviceusage.googleapis.com/v1/projects/pomo-flow/services/firebaseio.com 403
[debug] [2025-11-03T09:48:38.148Z] <<< [apiv2][body] GET https://serviceusage.googleapis.com/v1/projects/pomo-flow/services/firebaseio.com [omitted]
[debug] [2025-11-03T09:48:38.214Z] <<< [apiv2][status] GET https://serviceusage.googleapis.com/v1/projects/pomo-flow/services/firebasedataconnect.googleapis.com 200
[debug] [2025-11-03T09:48:38.214Z] <<< [apiv2][body] GET https://serviceusage.googleapis.com/v1/projects/pomo-flow/services/firebasedataconnect.googleapis.com [omitted]
[debug] [2025-11-03T09:48:38.215Z] <<< [apiv2][status] GET https://serviceusage.googleapis.com/v1/projects/pomo-flow/services/cloudfunctions.googleapis.com 200
[debug] [2025-11-03T09:48:38.215Z] <<< [apiv2][body] GET https://serviceusage.googleapis.com/v1/projects/pomo-flow/services/cloudfunctions.googleapis.com [omitted]
[debug] [2025-11-03T09:48:38.216Z] <<< [apiv2][status] GET https://serviceusage.googleapis.com/v1/projects/pomo-flow/services/firebasedataconnect.googleapis.com 200
[debug] [2025-11-03T09:48:38.216Z] <<< [apiv2][body] GET https://serviceusage.googleapis.com/v1/projects/pomo-flow/services/firebasedataconnect.googleapis.com [omitted]
[debug] [2025-11-03T09:48:38.218Z] <<< [apiv2][status] GET https://serviceusage.googleapis.com/v1/projects/pomo-flow/services/firebasedataconnect.googleapis.com 200
[debug] [2025-11-03T09:48:38.219Z] <<< [apiv2][body] GET https://serviceusage.googleapis.com/v1/projects/pomo-flow/services/firebasedataconnect.googleapis.com [omitted]
[debug] [2025-11-03T09:48:38.219Z] <<< [apiv2][status] GET https://serviceusage.googleapis.com/v1/projects/pomo-flow/services/firebaseapphosting.googleapis.com 200
[debug] [2025-11-03T09:48:38.220Z] <<< [apiv2][body] GET https://serviceusage.googleapis.com/v1/projects/pomo-flow/services/firebaseapphosting.googleapis.com [omitted]
[debug] [2025-11-03T09:48:38.220Z] <<< [apiv2][status] GET https://serviceusage.googleapis.com/v1/projects/pomo-flow/services/cloudfunctions.googleapis.com 200
[debug] [2025-11-03T09:48:38.221Z] <<< [apiv2][body] GET https://serviceusage.googleapis.com/v1/projects/pomo-flow/services/cloudfunctions.googleapis.com [omitted]
[debug] [2025-11-03T09:48:38.272Z] > command requires scopes: ["email","openid","https://www.googleapis.com/auth/cloudplatformprojects.readonly","https://www.googleapis.com/auth/firebase","https://www.googleapis.com/auth/cloud-platform"]
[debug] [2025-11-03T09:48:38.272Z] > authorizing via signed-in user (endlessblink@gmail.com)
[debug] [2025-11-03T09:48:38.300Z] > command requires scopes: ["email","openid","https://www.googleapis.com/auth/cloudplatformprojects.readonly","https://www.googleapis.com/auth/firebase","https://www.googleapis.com/auth/cloud-platform"]
[debug] [2025-11-03T09:48:38.300Z] > authorizing via signed-in user (endlessblink@gmail.com)
[debug] [2025-11-03T09:48:38.304Z] <<< [apiv2][status] GET https://serviceusage.googleapis.com/v1/projects/pomo-flow/services/firebaseapphosting.googleapis.com 200
[debug] [2025-11-03T09:48:38.304Z] <<< [apiv2][body] GET https://serviceusage.googleapis.com/v1/projects/pomo-flow/services/firebaseapphosting.googleapis.com [omitted]
[debug] [2025-11-03T09:48:38.306Z] <<< [apiv2][status] GET https://serviceusage.googleapis.com/v1/projects/pomo-flow/services/firebaseapphosting.googleapis.com 200
[debug] [2025-11-03T09:48:38.306Z] <<< [apiv2][body] GET https://serviceusage.googleapis.com/v1/projects/pomo-flow/services/firebaseapphosting.googleapis.com [omitted]
[debug] [2025-11-03T09:48:38.356Z] > command requires scopes: ["email","openid","https://www.googleapis.com/auth/cloudplatformprojects.readonly","https://www.googleapis.com/auth/firebase","https://www.googleapis.com/auth/cloud-platform"]
[debug] [2025-11-03T09:48:38.357Z] > authorizing via signed-in user (endlessblink@gmail.com)
[debug] [2025-11-03T09:48:38.387Z] > command requires scopes: ["email","openid","https://www.googleapis.com/auth/cloudplatformprojects.readonly","https://www.googleapis.com/auth/firebase","https://www.googleapis.com/auth/cloud-platform"]
[debug] [2025-11-03T09:48:38.387Z] > authorizing via signed-in user (endlessblink@gmail.com)
